c:\users\minimamba\documents\visual studio 2015\projects\backspace1\backspace1\debug\backspace1.pch
c:\users\minimamba\documents\visual studio 2015\projects\backspace1\backspace1\debug\vc140.pdb
c:\users\minimamba\documents\visual studio 2015\projects\backspace1\backspace1\debug\vc140.idb
c:\users\minimamba\documents\visual studio 2015\projects\backspace1\backspace1\debug\stdafx.obj
c:\users\minimamba\documents\visual studio 2015\projects\backspace1\backspace1\debug\backspace1.obj
c:\users\minimamba\documents\visual studio 2015\projects\backspace1\backspace1\debug\backspace1doc.obj
c:\users\minimamba\documents\visual studio 2015\projects\backspace1\backspace1\debug\backspace1view.obj
c:\users\minimamba\documents\visual studio 2015\projects\backspace1\backspace1\debug\mainfrm.obj
c:\users\minimamba\documents\visual studio 2015\projects\backspace1\debug\backspace1.ilk
c:\users\minimamba\documents\visual studio 2015\projects\backspace1\debug\backspace1.exe
c:\users\minimamba\documents\visual studio 2015\projects\backspace1\debug\backspace1.pdb
c:\users\minimamba\documents\visual studio 2015\projects\backspace1\backspace1\debug\backspace1.res
c:\users\minimamba\documents\visual studio 2015\projects\backspace1\backspace1\debug\backspace1.tlog\cl.command.1.tlog
c:\users\minimamba\documents\visual studio 2015\projects\backspace1\backspace1\debug\backspace1.tlog\cl.read.1.tlog
c:\users\minimamba\documents\visual studio 2015\projects\backspace1\backspace1\debug\backspace1.tlog\cl.write.1.tlog
c:\users\minimamba\documents\visual studio 2015\projects\backspace1\backspace1\debug\backspace1.tlog\link.command.1.tlog
c:\users\minimamba\documents\visual studio 2015\projects\backspace1\backspace1\debug\backspace1.tlog\link.read.1.tlog
c:\users\minimamba\documents\visual studio 2015\projects\backspace1\backspace1\debug\backspace1.tlog\link.write.1.tlog
c:\users\minimamba\documents\visual studio 2015\projects\backspace1\backspace1\debug\backspace1.tlog\rc.command.1.tlog
c:\users\minimamba\documents\visual studio 2015\projects\backspace1\backspace1\debug\backspace1.tlog\rc.read.1.tlog
c:\users\minimamba\documents\visual studio 2015\projects\backspace1\backspace1\debug\backspace1.tlog\rc.write.1.tlog
