Looking for git in: git
Using git 2.25.1 from git
Opening repository for path='/mnt/c/Users/minimamba' failed; ex=Failed to execute git {
  "exitCode": 128,
  "gitErrorCode": "NotAGitRepository",
  "gitCommand": "rev-parse",
  "stdout": "",
  "stderr": "fatal: not a git repository (or any parent up to mount point /mnt)\nStopping at filesystem boundary (GIT_DISCOVERY_ACROSS_FILESYSTEM not set).\n"
}
Opening repository for path='/mnt/c/Users/minimamba/.android' failed; ex=Failed to execute git {
  "exitCode": 128,
  "gitErrorCode": "NotAGitRepository",
  "gitCommand": "rev-parse",
  "stdout": "",
  "stderr": "fatal: not a git repository (or any parent up to mount point /mnt)\nStopping at filesystem boundary (GIT_DISCOVERY_ACROSS_FILESYSTEM not set).\n"
}
Opening repository for path='/mnt/c/Users/minimamba/.astropy' failed; ex=Failed to execute git {
  "exitCode": 128,
  "gitErrorCode": "NotAGitRepository",
  "gitCommand": "rev-parse",
  "stdout": "",
  "stderr": "fatal: not a git repository (or any parent up to mount point /mnt)\nStopping at filesystem boundary (GIT_DISCOVERY_ACROSS_FILESYSTEM not set).\n"
}
Opening repository for path='/mnt/c/Users/minimamba/.bash_history' failed; ex=Error: spawn ENOTDIR
Opening repository for path='/mnt/c/Users/minimamba/.erlang.cookie' failed; ex=Error: spawn ENOTDIR
Opening repository for path='/mnt/c/Users/minimamba/.gitconfig' failed; ex=Error: spawn ENOTDIR
Opening repository for path='/mnt/c/Users/minimamba/.idlerc' failed; ex=Failed to execute git {
  "exitCode": 128,
  "gitErrorCode": "NotAGitRepository",
  "gitCommand": "rev-parse",
  "stdout": "",
  "stderr": "fatal: not a git repository (or any parent up to mount point /mnt)\nStopping at filesystem boundary (GIT_DISCOVERY_ACROSS_FILESYSTEM not set).\n"
}
Opening repository for path='/mnt/c/Users/minimamba/.ipynb_checkpoints' failed; ex=Failed to execute git {
  "exitCode": 128,
  "gitErrorCode": "NotAGitRepository",
  "gitCommand": "rev-parse",
  "stdout": "",
  "stderr": "fatal: not a git repository (or any parent up to mount point /mnt)\nStopping at filesystem boundary (GIT_DISCOVERY_ACROSS_FILESYSTEM not set).\n"
}
Opening repository for path='/mnt/c/Users/minimamba/.ipython' failed; ex=Failed to execute git {
  "exitCode": 128,
  "gitErrorCode": "NotAGitRepository",
  "gitCommand": "rev-parse",
  "stdout": "",
  "stderr": "fatal: not a git repository (or any parent up to mount point /mnt)\nStopping at filesystem boundary (GIT_DISCOVERY_ACROSS_FILESYSTEM not set).\n"
}
Opening repository for path='/mnt/c/Users/minimamba/.jupyter' failed; ex=Failed to execute git {
  "exitCode": 128,
  "gitErrorCode": "NotAGitRepository",
  "gitCommand": "rev-parse",
  "stdout": "",
  "stderr": "fatal: not a git repository (or any parent up to mount point /mnt)\nStopping at filesystem boundary (GIT_DISCOVERY_ACROSS_FILESYSTEM not set).\n"
}
Opening repository for path='/mnt/c/Users/minimamba/.lesshst' failed; ex=Error: spawn ENOTDIR
Opening repository for path='/mnt/c/Users/minimamba/.matplotlib' failed; ex=Failed to execute git {
  "exitCode": 128,
  "gitErrorCode": "NotAGitRepository",
  "gitCommand": "rev-parse",
  "stdout": "",
  "stderr": "fatal: not a git repository (or any parent up to mount point /mnt)\nStopping at filesystem boundary (GIT_DISCOVERY_ACROSS_FILESYSTEM not set).\n"
}
Opening repository for path='/mnt/c/Users/minimamba/.pylint.d' failed; ex=Failed to execute git {
  "exitCode": 128,
  "gitErrorCode": "NotAGitRepository",
  "gitCommand": "rev-parse",
  "stdout": "",
  "stderr": "fatal: not a git repository (or any parent up to mount point /mnt)\nStopping at filesystem boundary (GIT_DISCOVERY_ACROSS_FILESYSTEM not set).\n"
}
Opening repository for path='/mnt/c/Users/minimamba/.ssh' failed; ex=Failed to execute git {
  "exitCode": 128,
  "gitErrorCode": "NotAGitRepository",
  "gitCommand": "rev-parse",
  "stdout": "",
  "stderr": "fatal: not a git repository (or any parent up to mount point /mnt)\nStopping at filesystem boundary (GIT_DISCOVERY_ACROSS_FILESYSTEM not set).\n"
}
Opening repository for path='/mnt/c/Users/minimamba/.viminfo' failed; ex=Error: spawn ENOTDIR
Opening repository for path='/mnt/c/Users/minimamba/.vscode' failed; ex=Failed to execute git {
  "exitCode": 128,
  "gitErrorCode": "NotAGitRepository",
  "gitCommand": "rev-parse",
  "stdout": "",
  "stderr": "fatal: not a git repository (or any parent up to mount point /mnt)\nStopping at filesystem boundary (GIT_DISCOVERY_ACROSS_FILESYSTEM not set).\n"
}
Opening repository for path='/mnt/c/Users/minimamba/3D Objects' failed; ex=Failed to execute git {
  "exitCode": 128,
  "gitErrorCode": "NotAGitRepository",
  "gitCommand": "rev-parse",
  "stdout": "",
  "stderr": "fatal: not a git repository (or any parent up to mount point /mnt)\nStopping at filesystem boundary (GIT_DISCOVERY_ACROSS_FILESYSTEM not set).\n"
}
Opening repository for path='/mnt/c/Users/minimamba/AppData' failed; ex=Failed to execute git {
  "exitCode": 128,
  "gitErrorCode": "NotAGitRepository",
  "gitCommand": "rev-parse",
  "stdout": "",
  "stderr": "fatal: not a git repository (or any parent up to mount point /mnt)\nStopping at filesystem boundary (GIT_DISCOVERY_ACROSS_FILESYSTEM not set).\n"
}
Opening repository for path='/mnt/c/Users/minimamba/Application Data' failed; ex=Failed to execute git {
  "exitCode": 128,
  "gitErrorCode": "NotAGitRepository",
  "gitCommand": "rev-parse",
  "stdout": "",
  "stderr": "fatal: not a git repository (or any parent up to mount point /mnt)\nStopping at filesystem boundary (GIT_DISCOVERY_ACROSS_FILESYSTEM not set).\n"
}
Opening repository for path='/mnt/c/Users/minimamba/Contacts' failed; ex=Failed to execute git {
  "exitCode": 128,
  "gitErrorCode": "NotAGitRepository",
  "gitCommand": "rev-parse",
  "stdout": "",
  "stderr": "fatal: not a git repository (or any parent up to mount point /mnt)\nStopping at filesystem boundary (GIT_DISCOVERY_ACROSS_FILESYSTEM not set).\n"
}
Opening repository for path='/mnt/c/Users/minimamba/Cookies' failed; ex=Failed to execute git {
  "exitCode": 128,
  "gitErrorCode": "NotAGitRepository",
  "gitCommand": "rev-parse",
  "stdout": "",
  "stderr": "fatal: not a git repository (or any parent up to mount point /mnt)\nStopping at filesystem boundary (GIT_DISCOVERY_ACROSS_FILESYSTEM not set).\n"
}
Opening repository for path='/mnt/c/Users/minimamba/Desktop' failed; ex=Failed to execute git {
  "exitCode": 128,
  "gitErrorCode": "NotAGitRepository",
  "gitCommand": "rev-parse",
  "stdout": "",
  "stderr": "fatal: not a git repository (or any parent up to mount point /mnt)\nStopping at filesystem boundary (GIT_DISCOVERY_ACROSS_FILESYSTEM not set).\n"
}
Opening repository for path='/mnt/c/Users/minimamba/Documents' failed; ex=Failed to execute git {
  "exitCode": 128,
  "gitErrorCode": "NotAGitRepository",
  "gitCommand": "rev-parse",
  "stdout": "",
  "stderr": "fatal: not a git repository (or any parent up to mount point /mnt)\nStopping at filesystem boundary (GIT_DISCOVERY_ACROSS_FILESYSTEM not set).\n"
}
Opening repository for path='/mnt/c/Users/minimamba/Downloads' failed; ex=Failed to execute git {
  "exitCode": 128,
  "gitErrorCode": "NotAGitRepository",
  "gitCommand": "rev-parse",
  "stdout": "",
  "stderr": "fatal: not a git repository (or any parent up to mount point /mnt)\nStopping at filesystem boundary (GIT_DISCOVERY_ACROSS_FILESYSTEM not set).\n"
}
Opening repository for path='/mnt/c/Users/minimamba/Favorites' failed; ex=Failed to execute git {
  "exitCode": 128,
  "gitErrorCode": "NotAGitRepository",
  "gitCommand": "rev-parse",
  "stdout": "",
  "stderr": "fatal: not a git repository (or any parent up to mount point /mnt)\nStopping at filesystem boundary (GIT_DISCOVERY_ACROSS_FILESYSTEM not set).\n"
}
Opening repository for path='/mnt/c/Users/minimamba/Google 드라이브' failed; ex=Failed to execute git {
  "exitCode": 128,
  "gitErrorCode": "NotAGitRepository",
  "gitCommand": "rev-parse",
  "stdout": "",
  "stderr": "fatal: not a git repository (or any parent up to mount point /mnt)\nStopping at filesystem boundary (GIT_DISCOVERY_ACROSS_FILESYSTEM not set).\n"
}
Opening repository for path='/mnt/c/Users/minimamba/Intel' failed; ex=Failed to execute git {
  "exitCode": 128,
  "gitErrorCode": "NotAGitRepository",
  "gitCommand": "rev-parse",
  "stdout": "",
  "stderr": "fatal: not a git repository (or any parent up to mount point /mnt)\nStopping at filesystem boundary (GIT_DISCOVERY_ACROSS_FILESYSTEM not set).\n"
}
Opening repository for path='/mnt/c/Users/minimamba/IntelGraphicsProfiles' failed; ex=Failed to execute git {
  "exitCode": 128,
  "gitErrorCode": "NotAGitRepository",
  "gitCommand": "rev-parse",
  "stdout": "",
  "stderr": "fatal: not a git repository (or any parent up to mount point /mnt)\nStopping at filesystem boundary (GIT_DISCOVERY_ACROSS_FILESYSTEM not set).\n"
}
Opening repository for path='/mnt/c/Users/minimamba/KCase.log' failed; ex=Error: spawn ENOTDIR
Opening repository for path='/mnt/c/Users/minimamba/Links' failed; ex=Failed to execute git {
  "exitCode": 128,
  "gitErrorCode": "NotAGitRepository",
  "gitCommand": "rev-parse",
  "stdout": "",
  "stderr": "fatal: not a git repository (or any parent up to mount point /mnt)\nStopping at filesystem boundary (GIT_DISCOVERY_ACROSS_FILESYSTEM not set).\n"
}
Opening repository for path='/mnt/c/Users/minimamba/Local Settings' failed; ex=Failed to execute git {
  "exitCode": 128,
  "gitErrorCode": "NotAGitRepository",
  "gitCommand": "rev-parse",
  "stdout": "",
  "stderr": "fatal: not a git repository (or any parent up to mount point /mnt)\nStopping at filesystem boundary (GIT_DISCOVERY_ACROSS_FILESYSTEM not set).\n"
}
Opening repository for path='/mnt/c/Users/minimamba/MicrosoftEdgeBackups' failed; ex=Failed to execute git {
  "exitCode": 128,
  "gitErrorCode": "NotAGitRepository",
  "gitCommand": "rev-parse",
  "stdout": "",
  "stderr": "fatal: not a git repository (or any parent up to mount point /mnt)\nStopping at filesystem boundary (GIT_DISCOVERY_ACROSS_FILESYSTEM not set).\n"
}
Opening repository for path='/mnt/c/Users/minimamba/Music' failed; ex=Failed to execute git {
  "exitCode": 128,
  "gitErrorCode": "NotAGitRepository",
  "gitCommand": "rev-parse",
  "stdout": "",
  "stderr": "fatal: not a git repository (or any parent up to mount point /mnt)\nStopping at filesystem boundary (GIT_DISCOVERY_ACROSS_FILESYSTEM not set).\n"
}
Opening repository for path='/mnt/c/Users/minimamba/My Documents' failed; ex=Failed to execute git {
  "exitCode": 128,
  "gitErrorCode": "NotAGitRepository",
  "gitCommand": "rev-parse",
  "stdout": "",
  "stderr": "fatal: not a git repository (or any parent up to mount point /mnt)\nStopping at filesystem boundary (GIT_DISCOVERY_ACROSS_FILESYSTEM not set).\n"
}
Opening repository for path='/mnt/c/Users/minimamba/NTUSER.DAT' failed; ex=Error: spawn ENOTDIR
Opening repository for path='/mnt/c/Users/minimamba/NTUSER.DAT{ebbd19cc-b4bb-11ea-ad75-adb06694a4c4}.TM.blf' failed; ex=Error: spawn ENOTDIR
Opening repository for path='/mnt/c/Users/minimamba/NTUSER.DAT{ebbd19cc-b4bb-11ea-ad75-adb06694a4c4}.TMContainer00000000000000000001.regtrans-ms' failed; ex=Error: spawn ENOTDIR
Opening repository for path='/mnt/c/Users/minimamba/NTUSER.DAT{ebbd19cc-b4bb-11ea-ad75-adb06694a4c4}.TMContainer00000000000000000002.regtrans-ms' failed; ex=Error: spawn ENOTDIR
Opening repository for path='/mnt/c/Users/minimamba/NetHood' failed; ex=Failed to execute git {
  "exitCode": 128,
  "gitErrorCode": "NotAGitRepository",
  "gitCommand": "rev-parse",
  "stdout": "",
  "stderr": "fatal: not a git repository (or any parent up to mount point /mnt)\nStopping at filesystem boundary (GIT_DISCOVERY_ACROSS_FILESYSTEM not set).\n"
}
Opening repository for path='/mnt/c/Users/minimamba/OneDrive' failed; ex=Failed to execute git {
  "exitCode": 128,
  "gitErrorCode": "NotAGitRepository",
  "gitCommand": "rev-parse",
  "stdout": "",
  "stderr": "fatal: not a git repository (or any parent up to mount point /mnt)\nStopping at filesystem boundary (GIT_DISCOVERY_ACROSS_FILESYSTEM not set).\n"
}
Opening repository for path='/mnt/c/Users/minimamba/OneDrive - 한국산업기술대학교' failed; ex=Failed to execute git {
  "exitCode": 128,
  "gitErrorCode": "NotAGitRepository",
  "gitCommand": "rev-parse",
  "stdout": "",
  "stderr": "fatal: not a git repository (or any parent up to mount point /mnt)\nStopping at filesystem boundary (GIT_DISCOVERY_ACROSS_FILESYSTEM not set).\n"
}
Opening repository for path='/mnt/c/Users/minimamba/Pictures' failed; ex=Failed to execute git {
  "exitCode": 128,
  "gitErrorCode": "NotAGitRepository",
  "gitCommand": "rev-parse",
  "stdout": "",
  "stderr": "fatal: not a git repository (or any parent up to mount point /mnt)\nStopping at filesystem boundary (GIT_DISCOVERY_ACROSS_FILESYSTEM not set).\n"
}
Opening repository for path='/mnt/c/Users/minimamba/PrintHood' failed; ex=Failed to execute git {
  "exitCode": 128,
  "gitErrorCode": "NotAGitRepository",
  "gitCommand": "rev-parse",
  "stdout": "",
  "stderr": "fatal: not a git repository (or any parent up to mount point /mnt)\nStopping at filesystem boundary (GIT_DISCOVERY_ACROSS_FILESYSTEM not set).\n"
}
Opening repository for path='/mnt/c/Users/minimamba/PycharmProjects' failed; ex=Failed to execute git {
  "exitCode": 128,
  "gitErrorCode": "NotAGitRepository",
  "gitCommand": "rev-parse",
  "stdout": "",
  "stderr": "fatal: not a git repository (or any parent up to mount point /mnt)\nStopping at filesystem boundary (GIT_DISCOVERY_ACROSS_FILESYSTEM not set).\n"
}
Opening repository for path='/mnt/c/Users/minimamba/Recent' failed; ex=Failed to execute git {
  "exitCode": 128,
  "gitErrorCode": "NotAGitRepository",
  "gitCommand": "rev-parse",
  "stdout": "",
  "stderr": "fatal: not a git repository (or any parent up to mount point /mnt)\nStopping at filesystem boundary (GIT_DISCOVERY_ACROSS_FILESYSTEM not set).\n"
}
Opening repository for path='/mnt/c/Users/minimamba/Saved Games' failed; ex=Failed to execute git {
  "exitCode": 128,
  "gitErrorCode": "NotAGitRepository",
  "gitCommand": "rev-parse",
  "stdout": "",
  "stderr": "fatal: not a git repository (or any parent up to mount point /mnt)\nStopping at filesystem boundary (GIT_DISCOVERY_ACROSS_FILESYSTEM not set).\n"
}
Opening repository for path='/mnt/c/Users/minimamba/Searches' failed; ex=Failed to execute git {
  "exitCode": 128,
  "gitErrorCode": "NotAGitRepository",
  "gitCommand": "rev-parse",
  "stdout": "",
  "stderr": "fatal: not a git repository (or any parent up to mount point /mnt)\nStopping at filesystem boundary (GIT_DISCOVERY_ACROSS_FILESYSTEM not set).\n"
}
Opening repository for path='/mnt/c/Users/minimamba/SendTo' failed; ex=Failed to execute git {
  "exitCode": 128,
  "gitErrorCode": "NotAGitRepository",
  "gitCommand": "rev-parse",
  "stdout": "",
  "stderr": "fatal: not a git repository (or any parent up to mount point /mnt)\nStopping at filesystem boundary (GIT_DISCOVERY_ACROSS_FILESYSTEM not set).\n"
}
Opening repository for path='/mnt/c/Users/minimamba/Source' failed; ex=Failed to execute git {
  "exitCode": 128,
  "gitErrorCode": "NotAGitRepository",
  "gitCommand": "rev-parse",
  "stdout": "",
  "stderr": "fatal: not a git repository (or any parent up to mount point /mnt)\nStopping at filesystem boundary (GIT_DISCOVERY_ACROSS_FILESYSTEM not set).\n"
}
Opening repository for path='/mnt/c/Users/minimamba/Sti_Trace.log' failed; ex=Error: spawn ENOTDIR
Opening repository for path='/mnt/c/Users/minimamba/Templates' failed; ex=Failed to execute git {
  "exitCode": 128,
  "gitErrorCode": "NotAGitRepository",
  "gitCommand": "rev-parse",
  "stdout": "",
  "stderr": "fatal: not a git repository (or any parent up to mount point /mnt)\nStopping at filesystem boundary (GIT_DISCOVERY_ACROSS_FILESYSTEM not set).\n"
}
Opening repository for path='/mnt/c/Users/minimamba/Untitled.ipynb' failed; ex=Error: spawn ENOTDIR
Opening repository for path='/mnt/c/Users/minimamba/Untitled1.ipynb' failed; ex=Error: spawn ENOTDIR
Opening repository for path='/mnt/c/Users/minimamba/Videos' failed; ex=Failed to execute git {
  "exitCode": 128,
  "gitErrorCode": "NotAGitRepository",
  "gitCommand": "rev-parse",
  "stdout": "",
  "stderr": "fatal: not a git repository (or any parent up to mount point /mnt)\nStopping at filesystem boundary (GIT_DISCOVERY_ACROSS_FILESYSTEM not set).\n"
}
Opening repository for path='/mnt/c/Users/minimamba/[비법노트] 앵콜 실전주식_크롤링자료_최민 마스터_ver20200228베어유.ipynb' failed; ex=Error: spawn ENOTDIR
Opening repository for path='/mnt/c/Users/minimamba/anaconda3' failed; ex=Failed to execute git {
  "exitCode": 128,
  "gitErrorCode": "NotAGitRepository",
  "gitCommand": "rev-parse",
  "stdout": "",
  "stderr": "fatal: not a git repository (or any parent up to mount point /mnt)\nStopping at filesystem boundary (GIT_DISCOVERY_ACROSS_FILESYSTEM not set).\n"
}
> git rev-parse --git-dir
Open repository: /mnt/c/Users/minimamba/for-ssh
> git status -z -u
> git symbolic-ref --short HEAD
> git for-each-ref --format=%(refname)%00%(upstream:short)%00%(objectname)%00%(upstream:track) refs/heads/master refs/remotes/master
> git for-each-ref --sort -committerdate --format %(refname) %(objectname) %(*objectname)
> git remote --verbose
> git check-ignore -v -z --stdin
> git config --get commit.template
Opening repository for path='/mnt/c/Users/minimamba/mercurial.ini' failed; ex=Error: spawn ENOTDIR
Opening repository for path='/mnt/c/Users/minimamba/ntuser.dat.LOG1' failed; ex=Error: spawn ENOTDIR
Opening repository for path='/mnt/c/Users/minimamba/ntuser.dat.LOG2' failed; ex=Error: spawn ENOTDIR
Opening repository for path='/mnt/c/Users/minimamba/ntuser.ini' failed; ex=Error: spawn ENOTDIR
Opening repository for path='/mnt/c/Users/minimamba/sanct.log' failed; ex=Error: spawn ENOTDIR
Opening repository for path='/mnt/c/Users/minimamba/seaborn-data' failed; ex=Failed to execute git {
  "exitCode": 128,
  "gitErrorCode": "NotAGitRepository",
  "gitCommand": "rev-parse",
  "stdout": "",
  "stderr": "fatal: not a git repository (or any parent up to mount point /mnt)\nStopping at filesystem boundary (GIT_DISCOVERY_ACROSS_FILESYSTEM not set).\n"
}
Opening repository for path='/mnt/c/Users/minimamba/개인 프로젝트' failed; ex=Failed to execute git {
  "exitCode": 128,
  "gitErrorCode": "NotAGitRepository",
  "gitCommand": "rev-parse",
  "stdout": "",
  "stderr": "fatal: not a git repository (or any parent up to mount point /mnt)\nStopping at filesystem boundary (GIT_DISCOVERY_ACROSS_FILESYSTEM not set).\n"
}
Opening repository for path='/mnt/c/Users/minimamba/시작 메뉴' failed; ex=Failed to execute git {
  "exitCode": 128,
  "gitErrorCode": "NotAGitRepository",
  "gitCommand": "rev-parse",
  "stdout": "",
  "stderr": "fatal: not a git repository (or any parent up to mount point /mnt)\nStopping at filesystem boundary (GIT_DISCOVERY_ACROSS_FILESYSTEM not set).\n"
}
